<?xml version="1.0" encoding="utf-8" standalone="no"?>
<!--This file represents the results of running a test suite-->
<test-results name="C:\Users\lyndsay.prewer\Documents\GitHub\Trivia-RefactoringKata\Tests\bin\Debug\Tests.dll" total="4" errors="0" failures="0" not-run="0" inconclusive="0" ignored="0" skipped="0" invalid="0" date="2014-07-09" time="11:29:18">
  <environment nunit-version="2.6.3.13283" clr-version="2.0.50727.5477" os-version="Microsoft Windows NT 6.1.7601 Service Pack 1" platform="Win32NT" cwd="C:\Users\lyndsay.prewer\Documents\GitHub\Trivia-RefactoringKata\packages\NUnit.Runners.2.6.3\tools" machine-name="NVMBSUB-1124" user="lyndsay.prewer" user-domain="GENERAL" />
  <culture-info current-culture="en-GB" current-uiculture="en-US" />
  <test-suite type="Assembly" name="C:\Users\lyndsay.prewer\Documents\GitHub\Trivia-RefactoringKata\Tests\bin\Debug\Tests.dll" executed="True" result="Success" success="True" time="0.066" asserts="0">
    <results>
      <test-suite type="Namespace" name="UglyTrivia" executed="True" result="Success" success="True" time="0.060" asserts="0">
        <results>
          <test-suite type="TestFixture" name="GameHasUpToSixPlayers" executed="True" result="Success" success="True" time="0.057" asserts="0">
            <results>
              <test-case name="UglyTrivia.GameHasUpToSixPlayers.CanAddMulitplePlayers" executed="True" result="Success" success="True" time="0.041" asserts="1" />
              <test-case name="UglyTrivia.GameHasUpToSixPlayers.CanAddOnePlayer" executed="True" result="Success" success="True" time="0.000" asserts="1" />
              <test-case name="UglyTrivia.GameHasUpToSixPlayers.MaximumOfSixPlayers" executed="True" result="Success" success="True" time="0.002" asserts="1" />
              <test-case name="UglyTrivia.GameHasUpToSixPlayers.NewGameHasZeroPlayers" executed="True" result="Success" success="True" time="0.000" asserts="1" />
            </results>
          </test-suite>
          <test-suite type="TestFixture" name="Roll" executed="True" result="Inconclusive" success="False" time="0.000" asserts="0" />
        </results>
      </test-suite>
    </results>
  </test-suite>
</test-results>